<?xml version="1.0" encoding="UTF-8"?>
<!-- Generated by org.testng.reporters.JUnitReportReporter -->
<testsuite hostname="DESKTOP-PB2EV64" failures="0" tests="3" name="Hw3.RunTest" time="14.191" errors="0" timestamp="2021-04-11T21:37:56 MSK" skipped="0">
  <testcase classname="Hw3.RunTest" name="runScenario" time="3.778"/>
  <system-out/>
  <testcase classname="Hw3.RunTest" name="runScenario" time="4.713"/>
  <system-out/>
  <testcase classname="Hw3.RunTest" name="runScenario" time="5.700"/>
  <system-out/>
</testsuite> <!-- Hw3.RunTest -->
